# Logfile created on 2014-01-04 01:18:48 +0000 by logger.rb/31641
I, [2014-01-04T01:18:48.002588 #1044]  INFO -- : 0:  directory_watcher (1.4.1) from C:/Ruby193/lib/ruby/gems/1.9.1/specifications/directory_watcher-1.4.1.gemspec
I, [2014-01-04T01:18:48.003588 #1044]  INFO -- : 0:  mini_portile (0.5.2) from C:/Ruby193/lib/ruby/gems/1.9.1/specifications/mini_portile-0.5.2.gemspec
I, [2014-01-04T01:18:48.004588 #1044]  INFO -- : 0:  mustache (0.99.5) from C:/Ruby193/lib/ruby/gems/1.9.1/specifications/mustache-0.99.5.gemspec
I, [2014-01-04T01:18:48.005588 #1044]  INFO -- : 0:  nokogiri (1.6.1) from C:/Ruby193/lib/ruby/gems/1.9.1/specifications/nokogiri-1.6.1-x86-mingw32.gemspec
I, [2014-01-04T01:18:48.006588 #1044]  INFO -- : 0:  rack (1.5.2) from C:/Ruby193/lib/ruby/gems/1.9.1/specifications/rack-1.5.2.gemspec
I, [2014-01-04T01:18:48.008588 #1044]  INFO -- : 0:  redcarpet (2.3.0) from C:/Ruby193/lib/ruby/gems/1.9.1/specifications/redcarpet-2.3.0.gemspec
I, [2014-01-04T01:18:48.009588 #1044]  INFO -- : 0:  ruhoh (2.6) from C:/Ruby193/lib/ruby/gems/1.9.1/specifications/ruhoh-2.6.gemspec
I, [2014-01-04T01:18:48.010588 #1044]  INFO -- : 0:  bundler (1.5.1) from C:/Ruby193/lib/ruby/gems/1.9.1/specifications/bundler-1.5.1.gemspec
I, [2014-01-04T01:20:18.822782 #5940]  INFO -- : 0:  directory_watcher (1.4.1) from C:/Ruby193/lib/ruby/gems/1.9.1/specifications/directory_watcher-1.4.1.gemspec
I, [2014-01-04T01:20:18.824782 #5940]  INFO -- : 0:  mini_portile (0.5.2) from C:/Ruby193/lib/ruby/gems/1.9.1/specifications/mini_portile-0.5.2.gemspec
I, [2014-01-04T01:20:18.825782 #5940]  INFO -- : 0:  mustache (0.99.5) from C:/Ruby193/lib/ruby/gems/1.9.1/specifications/mustache-0.99.5.gemspec
I, [2014-01-04T01:20:18.826783 #5940]  INFO -- : 0:  nokogiri (1.6.1) from C:/Ruby193/lib/ruby/gems/1.9.1/specifications/nokogiri-1.6.1-x86-mingw32.gemspec
I, [2014-01-04T01:20:18.828783 #5940]  INFO -- : 0:  rack (1.5.2) from C:/Ruby193/lib/ruby/gems/1.9.1/specifications/rack-1.5.2.gemspec
I, [2014-01-04T01:20:18.829783 #5940]  INFO -- : 0:  redcarpet (2.3.0) from C:/Ruby193/lib/ruby/gems/1.9.1/specifications/redcarpet-2.3.0.gemspec
I, [2014-01-04T01:20:18.831783 #5940]  INFO -- : 0:  ruhoh (2.6) from C:/Ruby193/lib/ruby/gems/1.9.1/specifications/ruhoh-2.6.gemspec
I, [2014-01-04T01:20:18.837783 #5940]  INFO -- : 0:  bundler (1.5.1) from C:/Ruby193/lib/ruby/gems/1.9.1/specifications/bundler-1.5.1.gemspec
I, [2014-01-04T01:20:28.731349 #1064]  INFO -- : 0:  directory_watcher (1.4.1) from C:/Ruby193/lib/ruby/gems/1.9.1/specifications/directory_watcher-1.4.1.gemspec
I, [2014-01-04T01:20:28.733349 #1064]  INFO -- : 0:  mini_portile (0.5.2) from C:/Ruby193/lib/ruby/gems/1.9.1/specifications/mini_portile-0.5.2.gemspec
I, [2014-01-04T01:20:28.733349 #1064]  INFO -- : 0:  mustache (0.99.5) from C:/Ruby193/lib/ruby/gems/1.9.1/specifications/mustache-0.99.5.gemspec
I, [2014-01-04T01:20:28.734349 #1064]  INFO -- : 0:  nokogiri (1.6.1) from C:/Ruby193/lib/ruby/gems/1.9.1/specifications/nokogiri-1.6.1-x86-mingw32.gemspec
I, [2014-01-04T01:20:28.735349 #1064]  INFO -- : 0:  rack (1.5.2) from C:/Ruby193/lib/ruby/gems/1.9.1/specifications/rack-1.5.2.gemspec
I, [2014-01-04T01:20:28.736349 #1064]  INFO -- : 0:  redcarpet (2.3.0) from C:/Ruby193/lib/ruby/gems/1.9.1/specifications/redcarpet-2.3.0.gemspec
I, [2014-01-04T01:20:28.737349 #1064]  INFO -- : 0:  ruhoh (2.6) from C:/Ruby193/lib/ruby/gems/1.9.1/specifications/ruhoh-2.6.gemspec
I, [2014-01-04T01:20:28.738349 #1064]  INFO -- : 0:  bundler (1.5.1) from C:/Ruby193/lib/ruby/gems/1.9.1/specifications/bundler-1.5.1.gemspec
I, [2014-01-04T01:21:58.941509 #5160]  INFO -- : 0:  directory_watcher (1.4.1) from C:/Ruby193/lib/ruby/gems/1.9.1/specifications/directory_watcher-1.4.1.gemspec
I, [2014-01-04T01:21:58.942509 #5160]  INFO -- : 0:  mini_portile (0.5.2) from C:/Ruby193/lib/ruby/gems/1.9.1/specifications/mini_portile-0.5.2.gemspec
I, [2014-01-04T01:21:58.943509 #5160]  INFO -- : 0:  mustache (0.99.5) from C:/Ruby193/lib/ruby/gems/1.9.1/specifications/mustache-0.99.5.gemspec
I, [2014-01-04T01:21:58.944509 #5160]  INFO -- : 0:  nokogiri (1.6.1) from C:/Ruby193/lib/ruby/gems/1.9.1/specifications/nokogiri-1.6.1-x86-mingw32.gemspec
I, [2014-01-04T01:21:58.945509 #5160]  INFO -- : 0:  rack (1.5.2) from C:/Ruby193/lib/ruby/gems/1.9.1/specifications/rack-1.5.2.gemspec
I, [2014-01-04T01:21:58.946509 #5160]  INFO -- : 0:  redcarpet (2.3.0) from C:/Ruby193/lib/ruby/gems/1.9.1/specifications/redcarpet-2.3.0.gemspec
I, [2014-01-04T01:21:58.946509 #5160]  INFO -- : 0:  ruhoh (2.6) from C:/Ruby193/lib/ruby/gems/1.9.1/specifications/ruhoh-2.6.gemspec
I, [2014-01-04T01:21:58.953509 #5160]  INFO -- : 0:  bundler (1.5.1) from C:/Ruby193/lib/ruby/gems/1.9.1/specifications/bundler-1.5.1.gemspec
I, [2014-01-04T01:31:52.912482 #8016]  INFO -- : 0:  directory_watcher (1.4.1) from C:/Ruby193/lib/ruby/gems/1.9.1/specifications/directory_watcher-1.4.1.gemspec
I, [2014-01-04T01:31:52.913482 #8016]  INFO -- : 0:  mini_portile (0.5.2) from C:/Ruby193/lib/ruby/gems/1.9.1/specifications/mini_portile-0.5.2.gemspec
I, [2014-01-04T01:31:52.914482 #8016]  INFO -- : 0:  mustache (0.99.5) from C:/Ruby193/lib/ruby/gems/1.9.1/specifications/mustache-0.99.5.gemspec
I, [2014-01-04T01:31:52.915482 #8016]  INFO -- : 0:  nokogiri (1.6.1) from C:/Ruby193/lib/ruby/gems/1.9.1/specifications/nokogiri-1.6.1-x86-mingw32.gemspec
I, [2014-01-04T01:31:52.916482 #8016]  INFO -- : 0:  rack (1.5.2) from C:/Ruby193/lib/ruby/gems/1.9.1/specifications/rack-1.5.2.gemspec
I, [2014-01-04T01:31:52.916482 #8016]  INFO -- : 0:  redcarpet (2.3.0) from C:/Ruby193/lib/ruby/gems/1.9.1/specifications/redcarpet-2.3.0.gemspec
I, [2014-01-04T01:31:52.917482 #8016]  INFO -- : 0:  ruhoh (2.6) from C:/Ruby193/lib/ruby/gems/1.9.1/specifications/ruhoh-2.6.gemspec
I, [2014-01-04T01:31:52.918482 #8016]  INFO -- : 0:  bundler (1.5.1) from C:/Ruby193/lib/ruby/gems/1.9.1/specifications/bundler-1.5.1.gemspec
I, [2014-01-04T01:33:01.937430 #7960]  INFO -- : 0:  directory_watcher (1.4.1) from C:/Ruby193/lib/ruby/gems/1.9.1/specifications/directory_watcher-1.4.1.gemspec
I, [2014-01-04T01:33:01.939430 #7960]  INFO -- : 0:  mini_portile (0.5.2) from C:/Ruby193/lib/ruby/gems/1.9.1/specifications/mini_portile-0.5.2.gemspec
I, [2014-01-04T01:33:01.939430 #7960]  INFO -- : 0:  mustache (0.99.5) from C:/Ruby193/lib/ruby/gems/1.9.1/specifications/mustache-0.99.5.gemspec
I, [2014-01-04T01:33:01.940430 #7960]  INFO -- : 0:  nokogiri (1.6.1) from C:/Ruby193/lib/ruby/gems/1.9.1/specifications/nokogiri-1.6.1-x86-mingw32.gemspec
I, [2014-01-04T01:33:01.941430 #7960]  INFO -- : 0:  rack (1.5.2) from C:/Ruby193/lib/ruby/gems/1.9.1/specifications/rack-1.5.2.gemspec
I, [2014-01-04T01:33:01.942430 #7960]  INFO -- : 0:  redcarpet (2.3.0) from C:/Ruby193/lib/ruby/gems/1.9.1/specifications/redcarpet-2.3.0.gemspec
I, [2014-01-04T01:33:01.943430 #7960]  INFO -- : 0:  ruhoh (2.6) from C:/Ruby193/lib/ruby/gems/1.9.1/specifications/ruhoh-2.6.gemspec
I, [2014-01-04T01:33:01.943430 #7960]  INFO -- : 0:  bundler (1.5.1) from C:/Ruby193/lib/ruby/gems/1.9.1/specifications/bundler-1.5.1.gemspec
I, [2014-01-04T01:50:38.608868 #7880]  INFO -- : 0:  bundler (1.5.1) from C:/Ruby193/lib/ruby/gems/1.9.1/specifications/bundler-1.5.1.gemspec
I, [2014-01-04T01:52:56.905778 #4564]  INFO -- : 0:  directory_watcher (1.4.1) from C:/Ruby193/lib/ruby/gems/1.9.1/specifications/directory_watcher-1.4.1.gemspec
I, [2014-01-04T01:52:56.906778 #4564]  INFO -- : 0:  mini_portile (0.5.2) from C:/Ruby193/lib/ruby/gems/1.9.1/specifications/mini_portile-0.5.2.gemspec
I, [2014-01-04T01:52:56.906778 #4564]  INFO -- : 0:  mustache (0.99.5) from C:/Ruby193/lib/ruby/gems/1.9.1/specifications/mustache-0.99.5.gemspec
I, [2014-01-04T01:52:56.907778 #4564]  INFO -- : 0:  nokogiri (1.6.1) from C:/Ruby193/lib/ruby/gems/1.9.1/specifications/nokogiri-1.6.1-x86-mingw32.gemspec
I, [2014-01-04T01:52:56.908778 #4564]  INFO -- : 0:  rack (1.5.2) from C:/Ruby193/lib/ruby/gems/1.9.1/specifications/rack-1.5.2.gemspec
I, [2014-01-04T01:52:56.909778 #4564]  INFO -- : 0:  redcarpet (2.3.0) from C:/Ruby193/lib/ruby/gems/1.9.1/specifications/redcarpet-2.3.0.gemspec
I, [2014-01-04T01:52:56.910779 #4564]  INFO -- : 0:  ruhoh (2.6) from C:/Ruby193/lib/ruby/gems/1.9.1/specifications/ruhoh-2.6.gemspec
I, [2014-01-04T01:52:56.910779 #4564]  INFO -- : 0:  bundler (1.5.1) from C:/Ruby193/lib/ruby/gems/1.9.1/specifications/bundler-1.5.1.gemspec
I, [2014-01-04T01:55:16.605769 #4604]  INFO -- : 0:  directory_watcher (1.4.1) from C:/Ruby193/lib/ruby/gems/1.9.1/specifications/directory_watcher-1.4.1.gemspec
I, [2014-01-04T01:55:16.606769 #4604]  INFO -- : 0:  mini_portile (0.5.2) from C:/Ruby193/lib/ruby/gems/1.9.1/specifications/mini_portile-0.5.2.gemspec
I, [2014-01-04T01:55:16.607769 #4604]  INFO -- : 0:  mustache (0.99.5) from C:/Ruby193/lib/ruby/gems/1.9.1/specifications/mustache-0.99.5.gemspec
I, [2014-01-04T01:55:16.607769 #4604]  INFO -- : 0:  nokogiri (1.6.1) from C:/Ruby193/lib/ruby/gems/1.9.1/specifications/nokogiri-1.6.1-x86-mingw32.gemspec
I, [2014-01-04T01:55:16.608769 #4604]  INFO -- : 0:  rack (1.5.2) from C:/Ruby193/lib/ruby/gems/1.9.1/specifications/rack-1.5.2.gemspec
I, [2014-01-04T01:55:16.609769 #4604]  INFO -- : 0:  redcarpet (2.3.0) from C:/Ruby193/lib/ruby/gems/1.9.1/specifications/redcarpet-2.3.0.gemspec
I, [2014-01-04T01:55:16.610769 #4604]  INFO -- : 0:  ruhoh (2.6) from C:/Ruby193/lib/ruby/gems/1.9.1/specifications/ruhoh-2.6.gemspec
I, [2014-01-04T01:55:16.611769 #4604]  INFO -- : 0:  bundler (1.5.1) from C:/Ruby193/lib/ruby/gems/1.9.1/specifications/bundler-1.5.1.gemspec
